
*** Running vivado
    with args -log top.vds -m64 -product Vivado -mode batch -messageDb vivado.pb -notrace -source top.tcl


****** Vivado v2018.3 (64-bit)
  **** SW Build 2405991 on Thu Dec  6 23:38:27 MST 2018
  **** IP Build 2404404 on Fri Dec  7 01:43:56 MST 2018
    ** Copyright 1986-2018 Xilinx, Inc. All Rights Reserved.

source top.tcl -notrace
Command: synth_design -top top -part xc7a100tcsg324-1
Starting synth_design
Attempting to get a license for feature 'Synthesis' and/or device 'xc7a100t'
INFO: [Common 17-349] Got license for feature 'Synthesis' and/or device 'xc7a100t'
INFO: Launching helper process for spawning children vivado processes
INFO: Helper process launched with PID 13748 
---------------------------------------------------------------------------------
Starting Synthesize : Time (s): cpu = 00:00:01 ; elapsed = 00:00:02 . Memory (MB): peak = 362.090 ; gain = 99.992
---------------------------------------------------------------------------------
INFO: [Synth 8-638] synthesizing module 'top' [P:/IUP/Projekty/Laby/IUP_Laby/Stopwatch/Stopwatch.srcs/sources_1/new/top.vhd:44]
INFO: [Synth 8-3491] module 'display' declared at 'P:/IUP/Projekty/Laby/IUP_Laby/Stopwatch/Stopwatch.srcs/sources_1/imports/new/display.vhd:34' bound to instance 'disp' of component 'display' [P:/IUP/Projekty/Laby/IUP_Laby/Stopwatch/Stopwatch.srcs/sources_1/new/top.vhd:65]
INFO: [Synth 8-638] synthesizing module 'display' [P:/IUP/Projekty/Laby/IUP_Laby/Stopwatch/Stopwatch.srcs/sources_1/imports/new/display.vhd:42]
INFO: [Synth 8-256] done synthesizing module 'display' (1#1) [P:/IUP/Projekty/Laby/IUP_Laby/Stopwatch/Stopwatch.srcs/sources_1/imports/new/display.vhd:42]
INFO: [Synth 8-3491] module 'stopwatch' declared at 'P:/IUP/Projekty/Laby/IUP_Laby/Stopwatch/Stopwatch.srcs/sources_1/new/stopwatch.vhd:34' bound to instance 'sw' of component 'stopwatch' [P:/IUP/Projekty/Laby/IUP_Laby/Stopwatch/Stopwatch.srcs/sources_1/new/top.vhd:71]
INFO: [Synth 8-638] synthesizing module 'stopwatch' [P:/IUP/Projekty/Laby/IUP_Laby/Stopwatch/Stopwatch.srcs/sources_1/new/stopwatch.vhd:41]
INFO: [Synth 8-3491] module 'divider' declared at 'P:/IUP/Projekty/Laby/IUP_Laby/Stopwatch/Stopwatch.srcs/sources_1/new/divider.vhd:34' bound to instance 'div' of component 'divider' [P:/IUP/Projekty/Laby/IUP_Laby/Stopwatch/Stopwatch.srcs/sources_1/new/stopwatch.vhd:115]
INFO: [Synth 8-638] synthesizing module 'divider' [P:/IUP/Projekty/Laby/IUP_Laby/Stopwatch/Stopwatch.srcs/sources_1/new/divider.vhd:39]
WARNING: [Synth 8-614] signal 'clk_out' is read in the process but is not in the sensitivity list [P:/IUP/Projekty/Laby/IUP_Laby/Stopwatch/Stopwatch.srcs/sources_1/new/divider.vhd:51]
INFO: [Synth 8-256] done synthesizing module 'divider' (2#1) [P:/IUP/Projekty/Laby/IUP_Laby/Stopwatch/Stopwatch.srcs/sources_1/new/divider.vhd:39]
WARNING: [Synth 8-5787] Register stopwatch_millis_reg in module stopwatch is clocked by two different clocks in the same process. This may cause simulation mismatches and synthesis errors. Consider using different process statements  [P:/IUP/Projekty/Laby/IUP_Laby/Stopwatch/Stopwatch.srcs/sources_1/new/stopwatch.vhd:53]
WARNING: [Synth 8-5787] Register stopwatch_seconds_reg in module stopwatch is clocked by two different clocks in the same process. This may cause simulation mismatches and synthesis errors. Consider using different process statements  [P:/IUP/Projekty/Laby/IUP_Laby/Stopwatch/Stopwatch.srcs/sources_1/new/stopwatch.vhd:56]
WARNING: [Synth 8-5787] Register stopwatch_state_reg in module stopwatch is clocked by two different clocks in the same process. This may cause simulation mismatches and synthesis errors. Consider using different process statements  [P:/IUP/Projekty/Laby/IUP_Laby/Stopwatch/Stopwatch.srcs/sources_1/new/stopwatch.vhd:123]
WARNING: [Synth 8-5787] Register stopwatch_state_reg in module stopwatch is clocked by two different clocks in the same process. This may cause simulation mismatches and synthesis errors. Consider using different process statements  [P:/IUP/Projekty/Laby/IUP_Laby/Stopwatch/Stopwatch.srcs/sources_1/new/stopwatch.vhd:123]
WARNING: [Synth 8-5787] Register stopwatch_millis_reg in module stopwatch is clocked by two different clocks in the same process. This may cause simulation mismatches and synthesis errors. Consider using different process statements  [P:/IUP/Projekty/Laby/IUP_Laby/Stopwatch/Stopwatch.srcs/sources_1/new/stopwatch.vhd:53]
WARNING: [Synth 8-5787] Register stopwatch_seconds_reg in module stopwatch is clocked by two different clocks in the same process. This may cause simulation mismatches and synthesis errors. Consider using different process statements  [P:/IUP/Projekty/Laby/IUP_Laby/Stopwatch/Stopwatch.srcs/sources_1/new/stopwatch.vhd:56]
INFO: [Synth 8-256] done synthesizing module 'stopwatch' (3#1) [P:/IUP/Projekty/Laby/IUP_Laby/Stopwatch/Stopwatch.srcs/sources_1/new/stopwatch.vhd:41]
INFO: [Synth 8-256] done synthesizing module 'top' (4#1) [P:/IUP/Projekty/Laby/IUP_Laby/Stopwatch/Stopwatch.srcs/sources_1/new/top.vhd:44]
WARNING: [Synth 8-3331] design stopwatch has unconnected port rst_i
---------------------------------------------------------------------------------
Finished Synthesize : Time (s): cpu = 00:00:02 ; elapsed = 00:00:02 . Memory (MB): peak = 418.672 ; gain = 156.574
---------------------------------------------------------------------------------
---------------------------------------------------------------------------------
Finished Constraint Validation : Time (s): cpu = 00:00:02 ; elapsed = 00:00:02 . Memory (MB): peak = 418.672 ; gain = 156.574
---------------------------------------------------------------------------------
---------------------------------------------------------------------------------
Start Loading Part and Timing Information
---------------------------------------------------------------------------------
Loading part: xc7a100tcsg324-1
---------------------------------------------------------------------------------
Finished Loading Part and Timing Information : Time (s): cpu = 00:00:02 ; elapsed = 00:00:02 . Memory (MB): peak = 418.672 ; gain = 156.574
---------------------------------------------------------------------------------
INFO: [Device 21-403] Loading part xc7a100tcsg324-1
INFO: [Synth 8-802] inferred FSM for state register 'an_state_reg' in module 'display'
INFO: [Synth 8-5544] ROM "led7_an_o" won't be mapped to Block RAM because address size (3) smaller than threshold (5)
INFO: [Synth 8-5544] ROM "stopwatch_millis" won't be mapped to Block RAM because address size (2) smaller than threshold (5)
---------------------------------------------------------------------------------------------------
                   State |                     New Encoding |                Previous Encoding 
---------------------------------------------------------------------------------------------------
                 iSTATE0 |                              000 |                              101
                 iSTATE1 |                              001 |                              001
                 iSTATE2 |                              010 |                              010
                 iSTATE3 |                              011 |                              011
                  iSTATE |                              100 |                              100
*
---------------------------------------------------------------------------------------------------
INFO: [Synth 8-3354] encoded FSM with state register 'an_state_reg' using encoding 'sequential' in module 'display'
WARNING: [Synth 8-327] inferring latch for variable 'clk_mux_reg' [P:/IUP/Projekty/Laby/IUP_Laby/Stopwatch/Stopwatch.srcs/sources_1/imports/new/display.vhd:68]
WARNING: [Synth 8-327] inferring latch for variable 'q_reg' [P:/IUP/Projekty/Laby/IUP_Laby/Stopwatch/Stopwatch.srcs/sources_1/imports/new/display.vhd:66]
WARNING: [Synth 8-327] inferring latch for variable 'last_state_reg' [P:/IUP/Projekty/Laby/IUP_Laby/Stopwatch/Stopwatch.srcs/sources_1/imports/new/display.vhd:71]
WARNING: [Synth 8-327] inferring latch for variable 'clk_out_reg' [P:/IUP/Projekty/Laby/IUP_Laby/Stopwatch/Stopwatch.srcs/sources_1/new/divider.vhd:55]
WARNING: [Synth 8-327] inferring latch for variable 'q_reg' [P:/IUP/Projekty/Laby/IUP_Laby/Stopwatch/Stopwatch.srcs/sources_1/new/divider.vhd:53]
WARNING: [Synth 8-327] inferring latch for variable 'last_state_reg' [P:/IUP/Projekty/Laby/IUP_Laby/Stopwatch/Stopwatch.srcs/sources_1/new/divider.vhd:58]
---------------------------------------------------------------------------------
Finished RTL Optimization Phase 2 : Time (s): cpu = 00:00:02 ; elapsed = 00:00:03 . Memory (MB): peak = 418.672 ; gain = 156.574
---------------------------------------------------------------------------------

Report RTL Partitions: 
+-+--------------+------------+----------+
| |RTL Partition |Replication |Instances |
+-+--------------+------------+----------+
+-+--------------+------------+----------+
No constraint files found.
---------------------------------------------------------------------------------
Start RTL Component Statistics 
---------------------------------------------------------------------------------
Detailed RTL Component Info : 
+---Adders : 
	   2 Input      7 Bit       Adders := 1     
	   2 Input      4 Bit       Adders := 5     
+---Registers : 
	                2 Bit    Registers := 2     
+---Muxes : 
	   6 Input      8 Bit        Muxes := 1     
	   2 Input      8 Bit        Muxes := 8     
	   2 Input      7 Bit        Muxes := 9     
	   5 Input      4 Bit        Muxes := 1     
	   2 Input      4 Bit        Muxes := 2     
	   5 Input      3 Bit        Muxes := 3     
	   2 Input      3 Bit        Muxes := 1     
	   5 Input      2 Bit        Muxes := 1     
	   6 Input      1 Bit        Muxes := 1     
	   2 Input      1 Bit        Muxes := 5     
---------------------------------------------------------------------------------
Finished RTL Component Statistics 
---------------------------------------------------------------------------------
---------------------------------------------------------------------------------
Start RTL Hierarchical Component Statistics 
---------------------------------------------------------------------------------
Hierarchical RTL Component report 
Module display 
Detailed RTL Component Info : 
+---Adders : 
	   2 Input      4 Bit       Adders := 1     
+---Muxes : 
	   6 Input      8 Bit        Muxes := 1     
	   5 Input      4 Bit        Muxes := 1     
	   2 Input      4 Bit        Muxes := 1     
	   5 Input      3 Bit        Muxes := 3     
	   2 Input      3 Bit        Muxes := 1     
	   6 Input      1 Bit        Muxes := 1     
	   2 Input      1 Bit        Muxes := 1     
Module divider 
Detailed RTL Component Info : 
+---Adders : 
	   2 Input      7 Bit       Adders := 1     
+---Muxes : 
	   2 Input      7 Bit        Muxes := 1     
	   2 Input      1 Bit        Muxes := 1     
Module stopwatch 
Detailed RTL Component Info : 
+---Adders : 
	   2 Input      4 Bit       Adders := 4     
+---Registers : 
	                2 Bit    Registers := 2     
+---Muxes : 
	   2 Input      8 Bit        Muxes := 8     
	   2 Input      7 Bit        Muxes := 8     
	   2 Input      4 Bit        Muxes := 1     
	   5 Input      2 Bit        Muxes := 1     
	   2 Input      1 Bit        Muxes := 3     
---------------------------------------------------------------------------------
Finished RTL Hierarchical Component Statistics
---------------------------------------------------------------------------------
---------------------------------------------------------------------------------
Start Part Resource Summary
---------------------------------------------------------------------------------
Part Resources:
DSPs: 240 (col length:80)
BRAMs: 270 (col length: RAMB18 80 RAMB36 40)
---------------------------------------------------------------------------------
Finished Part Resource Summary
---------------------------------------------------------------------------------
No constraint files found.
---------------------------------------------------------------------------------
Start Cross Boundary and Area Optimization
---------------------------------------------------------------------------------
Warning: Parallel synthesis criteria is not met 
INFO: [Synth 8-5544] ROM "sw/digit_o00" won't be mapped to Block RAM because address size (2) smaller than threshold (5)
INFO: [Synth 8-5544] ROM "sw/stopwatch_millis" won't be mapped to Block RAM because address size (2) smaller than threshold (5)
---------------------------------------------------------------------------------
Finished Cross Boundary and Area Optimization : Time (s): cpu = 00:00:04 ; elapsed = 00:00:05 . Memory (MB): peak = 578.574 ; gain = 316.477
---------------------------------------------------------------------------------

Report RTL Partitions: 
+-+--------------+------------+----------+
| |RTL Partition |Replication |Instances |
+-+--------------+------------+----------+
+-+--------------+------------+----------+
No constraint files found.
---------------------------------------------------------------------------------
Start Timing Optimization
---------------------------------------------------------------------------------
---------------------------------------------------------------------------------
Finished Timing Optimization : Time (s): cpu = 00:00:04 ; elapsed = 00:00:05 . Memory (MB): peak = 578.574 ; gain = 316.477
---------------------------------------------------------------------------------

Report RTL Partitions: 
+-+--------------+------------+----------+
| |RTL Partition |Replication |Instances |
+-+--------------+------------+----------+
+-+--------------+------------+----------+
---------------------------------------------------------------------------------
Start Technology Mapping
---------------------------------------------------------------------------------
---------------------------------------------------------------------------------
Finished Technology Mapping : Time (s): cpu = 00:00:04 ; elapsed = 00:00:05 . Memory (MB): peak = 578.578 ; gain = 316.480
---------------------------------------------------------------------------------

Report RTL Partitions: 
+-+--------------+------------+----------+
| |RTL Partition |Replication |Instances |
+-+--------------+------------+----------+
+-+--------------+------------+----------+
---------------------------------------------------------------------------------
Start IO Insertion
---------------------------------------------------------------------------------
---------------------------------------------------------------------------------
Start Flattening Before IO Insertion
---------------------------------------------------------------------------------
---------------------------------------------------------------------------------
Finished Flattening Before IO Insertion
---------------------------------------------------------------------------------
---------------------------------------------------------------------------------
Start Final Netlist Cleanup
---------------------------------------------------------------------------------
---------------------------------------------------------------------------------
Finished Final Netlist Cleanup
---------------------------------------------------------------------------------
---------------------------------------------------------------------------------
Finished IO Insertion : Time (s): cpu = 00:00:05 ; elapsed = 00:00:05 . Memory (MB): peak = 578.578 ; gain = 316.480
---------------------------------------------------------------------------------
CRITICAL WARNING: [Synth 8-6859] multi-driven net on pin sw/stopwatch_seconds[7] with 1st driver pin 'sw/stopwatch_seconds_reg[7]/Q' [P:/IUP/Projekty/Laby/IUP_Laby/Stopwatch/Stopwatch.srcs/sources_1/new/stopwatch.vhd:56]
CRITICAL WARNING: [Synth 8-6859] multi-driven net on pin sw/stopwatch_seconds[7] with 2nd driver pin 'sw/stopwatch_seconds_reg[7]__0/Q' [P:/IUP/Projekty/Laby/IUP_Laby/Stopwatch/Stopwatch.srcs/sources_1/new/stopwatch.vhd:56]
CRITICAL WARNING: [Synth 8-6859] multi-driven net on pin sw/stopwatch_seconds[6] with 1st driver pin 'sw/stopwatch_seconds_reg[6]/Q' [P:/IUP/Projekty/Laby/IUP_Laby/Stopwatch/Stopwatch.srcs/sources_1/new/stopwatch.vhd:56]
CRITICAL WARNING: [Synth 8-6859] multi-driven net on pin sw/stopwatch_seconds[6] with 2nd driver pin 'sw/stopwatch_seconds_reg[6]__0/Q' [P:/IUP/Projekty/Laby/IUP_Laby/Stopwatch/Stopwatch.srcs/sources_1/new/stopwatch.vhd:56]
CRITICAL WARNING: [Synth 8-6859] multi-driven net on pin sw/stopwatch_seconds[5] with 1st driver pin 'sw/stopwatch_seconds_reg[5]/Q' [P:/IUP/Projekty/Laby/IUP_Laby/Stopwatch/Stopwatch.srcs/sources_1/new/stopwatch.vhd:56]
CRITICAL WARNING: [Synth 8-6859] multi-driven net on pin sw/stopwatch_seconds[5] with 2nd driver pin 'sw/stopwatch_seconds_reg[5]__0/Q' [P:/IUP/Projekty/Laby/IUP_Laby/Stopwatch/Stopwatch.srcs/sources_1/new/stopwatch.vhd:56]
CRITICAL WARNING: [Synth 8-6859] multi-driven net on pin sw/stopwatch_seconds[4] with 1st driver pin 'sw/stopwatch_seconds_reg[4]/Q' [P:/IUP/Projekty/Laby/IUP_Laby/Stopwatch/Stopwatch.srcs/sources_1/new/stopwatch.vhd:56]
CRITICAL WARNING: [Synth 8-6859] multi-driven net on pin sw/stopwatch_seconds[4] with 2nd driver pin 'sw/stopwatch_seconds_reg[4]__0/Q' [P:/IUP/Projekty/Laby/IUP_Laby/Stopwatch/Stopwatch.srcs/sources_1/new/stopwatch.vhd:56]
CRITICAL WARNING: [Synth 8-6859] multi-driven net on pin sw/stopwatch_seconds[3] with 1st driver pin 'sw/stopwatch_seconds_reg[3]/Q' [P:/IUP/Projekty/Laby/IUP_Laby/Stopwatch/Stopwatch.srcs/sources_1/new/stopwatch.vhd:56]
CRITICAL WARNING: [Synth 8-6859] multi-driven net on pin sw/stopwatch_seconds[3] with 2nd driver pin 'sw/stopwatch_seconds_reg[3]__0/Q' [P:/IUP/Projekty/Laby/IUP_Laby/Stopwatch/Stopwatch.srcs/sources_1/new/stopwatch.vhd:56]
CRITICAL WARNING: [Synth 8-6859] multi-driven net on pin sw/stopwatch_seconds[2] with 1st driver pin 'sw/stopwatch_seconds_reg[2]/Q' [P:/IUP/Projekty/Laby/IUP_Laby/Stopwatch/Stopwatch.srcs/sources_1/new/stopwatch.vhd:56]
CRITICAL WARNING: [Synth 8-6859] multi-driven net on pin sw/stopwatch_seconds[2] with 2nd driver pin 'sw/stopwatch_seconds_reg[2]__0/Q' [P:/IUP/Projekty/Laby/IUP_Laby/Stopwatch/Stopwatch.srcs/sources_1/new/stopwatch.vhd:56]
CRITICAL WARNING: [Synth 8-6859] multi-driven net on pin sw/stopwatch_seconds[1] with 1st driver pin 'sw/stopwatch_seconds_reg[1]/Q' [P:/IUP/Projekty/Laby/IUP_Laby/Stopwatch/Stopwatch.srcs/sources_1/new/stopwatch.vhd:56]
CRITICAL WARNING: [Synth 8-6859] multi-driven net on pin sw/stopwatch_seconds[1] with 2nd driver pin 'sw/stopwatch_seconds_reg[1]__0/Q' [P:/IUP/Projekty/Laby/IUP_Laby/Stopwatch/Stopwatch.srcs/sources_1/new/stopwatch.vhd:56]
CRITICAL WARNING: [Synth 8-6859] multi-driven net on pin sw/stopwatch_seconds[0] with 1st driver pin 'sw/stopwatch_seconds_reg[0]/Q' [P:/IUP/Projekty/Laby/IUP_Laby/Stopwatch/Stopwatch.srcs/sources_1/new/stopwatch.vhd:56]
CRITICAL WARNING: [Synth 8-6859] multi-driven net on pin sw/stopwatch_seconds[0] with 2nd driver pin 'sw/stopwatch_seconds_reg[0]__0/Q' [P:/IUP/Projekty/Laby/IUP_Laby/Stopwatch/Stopwatch.srcs/sources_1/new/stopwatch.vhd:56]
CRITICAL WARNING: [Synth 8-6859] multi-driven net on pin sw/stopwatch_millis[7] with 1st driver pin 'sw/stopwatch_millis_reg[7]/Q' [P:/IUP/Projekty/Laby/IUP_Laby/Stopwatch/Stopwatch.srcs/sources_1/new/stopwatch.vhd:53]
CRITICAL WARNING: [Synth 8-6859] multi-driven net on pin sw/stopwatch_millis[7] with 2nd driver pin 'sw/stopwatch_millis_reg[7]__0/Q' [P:/IUP/Projekty/Laby/IUP_Laby/Stopwatch/Stopwatch.srcs/sources_1/new/stopwatch.vhd:53]
CRITICAL WARNING: [Synth 8-6859] multi-driven net on pin sw/stopwatch_millis[6] with 1st driver pin 'sw/stopwatch_millis_reg[6]/Q' [P:/IUP/Projekty/Laby/IUP_Laby/Stopwatch/Stopwatch.srcs/sources_1/new/stopwatch.vhd:53]
CRITICAL WARNING: [Synth 8-6859] multi-driven net on pin sw/stopwatch_millis[6] with 2nd driver pin 'sw/stopwatch_millis_reg[6]__0/Q' [P:/IUP/Projekty/Laby/IUP_Laby/Stopwatch/Stopwatch.srcs/sources_1/new/stopwatch.vhd:53]
CRITICAL WARNING: [Synth 8-6859] multi-driven net on pin sw/stopwatch_millis[5] with 1st driver pin 'sw/stopwatch_millis_reg[5]/Q' [P:/IUP/Projekty/Laby/IUP_Laby/Stopwatch/Stopwatch.srcs/sources_1/new/stopwatch.vhd:53]
CRITICAL WARNING: [Synth 8-6859] multi-driven net on pin sw/stopwatch_millis[5] with 2nd driver pin 'sw/stopwatch_millis_reg[5]__0/Q' [P:/IUP/Projekty/Laby/IUP_Laby/Stopwatch/Stopwatch.srcs/sources_1/new/stopwatch.vhd:53]
CRITICAL WARNING: [Synth 8-6859] multi-driven net on pin sw/stopwatch_millis[4] with 1st driver pin 'sw/stopwatch_millis_reg[4]/Q' [P:/IUP/Projekty/Laby/IUP_Laby/Stopwatch/Stopwatch.srcs/sources_1/new/stopwatch.vhd:53]
CRITICAL WARNING: [Synth 8-6859] multi-driven net on pin sw/stopwatch_millis[4] with 2nd driver pin 'sw/stopwatch_millis_reg[4]__0/Q' [P:/IUP/Projekty/Laby/IUP_Laby/Stopwatch/Stopwatch.srcs/sources_1/new/stopwatch.vhd:53]
CRITICAL WARNING: [Synth 8-6859] multi-driven net on pin sw/stopwatch_millis[3] with 1st driver pin 'sw/stopwatch_millis_reg[3]__0/Q' [P:/IUP/Projekty/Laby/IUP_Laby/Stopwatch/Stopwatch.srcs/sources_1/new/stopwatch.vhd:53]
CRITICAL WARNING: [Synth 8-6859] multi-driven net on pin sw/stopwatch_millis[3] with 2nd driver pin 'sw/stopwatch_millis_reg[3]/Q' [P:/IUP/Projekty/Laby/IUP_Laby/Stopwatch/Stopwatch.srcs/sources_1/new/stopwatch.vhd:53]
CRITICAL WARNING: [Synth 8-6859] multi-driven net on pin sw/stopwatch_millis[2] with 1st driver pin 'sw/stopwatch_millis_reg[2]__0/Q' [P:/IUP/Projekty/Laby/IUP_Laby/Stopwatch/Stopwatch.srcs/sources_1/new/stopwatch.vhd:53]
CRITICAL WARNING: [Synth 8-6859] multi-driven net on pin sw/stopwatch_millis[2] with 2nd driver pin 'sw/stopwatch_millis_reg[2]/Q' [P:/IUP/Projekty/Laby/IUP_Laby/Stopwatch/Stopwatch.srcs/sources_1/new/stopwatch.vhd:53]
CRITICAL WARNING: [Synth 8-6859] multi-driven net on pin sw/stopwatch_millis[1] with 1st driver pin 'sw/stopwatch_millis_reg[1]__0/Q' [P:/IUP/Projekty/Laby/IUP_Laby/Stopwatch/Stopwatch.srcs/sources_1/new/stopwatch.vhd:53]
CRITICAL WARNING: [Synth 8-6859] multi-driven net on pin sw/stopwatch_millis[1] with 2nd driver pin 'sw/stopwatch_millis_reg[1]/Q' [P:/IUP/Projekty/Laby/IUP_Laby/Stopwatch/Stopwatch.srcs/sources_1/new/stopwatch.vhd:53]
CRITICAL WARNING: [Synth 8-6859] multi-driven net on pin sw/stopwatch_millis[0] with 1st driver pin 'sw/stopwatch_millis_reg[0]__0/Q' [P:/IUP/Projekty/Laby/IUP_Laby/Stopwatch/Stopwatch.srcs/sources_1/new/stopwatch.vhd:53]
CRITICAL WARNING: [Synth 8-6859] multi-driven net on pin sw/stopwatch_millis[0] with 2nd driver pin 'sw/stopwatch_millis_reg[0]/Q' [P:/IUP/Projekty/Laby/IUP_Laby/Stopwatch/Stopwatch.srcs/sources_1/new/stopwatch.vhd:53]

Report Check Netlist: 
+------+------------------+-------+---------+-------+------------------+
|      |Item              |Errors |Warnings |Status |Description       |
+------+------------------+-------+---------+-------+------------------+
|1     |multi_driven_nets |      0|       16|Failed |Multi driven nets |
+------+------------------+-------+---------+-------+------------------+
---------------------------------------------------------------------------------
Start Renaming Generated Instances
---------------------------------------------------------------------------------
---------------------------------------------------------------------------------
Finished Renaming Generated Instances : Time (s): cpu = 00:00:05 ; elapsed = 00:00:05 . Memory (MB): peak = 578.578 ; gain = 316.480
---------------------------------------------------------------------------------

Report RTL Partitions: 
+-+--------------+------------+----------+
| |RTL Partition |Replication |Instances |
+-+--------------+------------+----------+
+-+--------------+------------+----------+
---------------------------------------------------------------------------------
Start Rebuilding User Hierarchy
---------------------------------------------------------------------------------
---------------------------------------------------------------------------------
Finished Rebuilding User Hierarchy : Time (s): cpu = 00:00:05 ; elapsed = 00:00:05 . Memory (MB): peak = 578.578 ; gain = 316.480
---------------------------------------------------------------------------------
---------------------------------------------------------------------------------
Start Renaming Generated Ports
---------------------------------------------------------------------------------
---------------------------------------------------------------------------------
Finished Renaming Generated Ports : Time (s): cpu = 00:00:05 ; elapsed = 00:00:05 . Memory (MB): peak = 578.578 ; gain = 316.480
---------------------------------------------------------------------------------
---------------------------------------------------------------------------------
Start Handling Custom Attributes
---------------------------------------------------------------------------------
---------------------------------------------------------------------------------
Finished Handling Custom Attributes : Time (s): cpu = 00:00:05 ; elapsed = 00:00:05 . Memory (MB): peak = 578.578 ; gain = 316.480
---------------------------------------------------------------------------------
---------------------------------------------------------------------------------
Start Renaming Generated Nets
---------------------------------------------------------------------------------
---------------------------------------------------------------------------------
Finished Renaming Generated Nets : Time (s): cpu = 00:00:05 ; elapsed = 00:00:05 . Memory (MB): peak = 578.578 ; gain = 316.480
---------------------------------------------------------------------------------
---------------------------------------------------------------------------------
Start Writing Synthesis Report
---------------------------------------------------------------------------------

Report BlackBoxes: 
+-+--------------+----------+
| |BlackBox name |Instances |
+-+--------------+----------+
+-+--------------+----------+

Report Cell Usage: 
+------+------+------+
|      |Cell  |Count |
+------+------+------+
|1     |BUFG  |     1|
|2     |LUT1  |     6|
|3     |LUT2  |    12|
|4     |LUT3  |    10|
|5     |LUT4  |    17|
|6     |LUT5  |     6|
|7     |LUT6  |    40|
|8     |MUXF7 |     8|
|9     |FDRE  |    37|
|10    |LD    |    15|
|11    |IBUF  |     3|
|12    |OBUF  |    12|
+------+------+------+

Report Instance Areas: 
+------+---------+----------+------+
|      |Instance |Module    |Cells |
+------+---------+----------+------+
|1     |top      |          |   167|
|2     |  disp   |display   |    43|
|3     |  sw     |stopwatch |   108|
|4     |    div  |divider   |    21|
+------+---------+----------+------+
---------------------------------------------------------------------------------
Finished Writing Synthesis Report : Time (s): cpu = 00:00:05 ; elapsed = 00:00:05 . Memory (MB): peak = 578.578 ; gain = 316.480
---------------------------------------------------------------------------------
Synthesis finished with 0 errors, 32 critical warnings and 14 warnings.
Synthesis Optimization Runtime : Time (s): cpu = 00:00:05 ; elapsed = 00:00:05 . Memory (MB): peak = 578.578 ; gain = 316.480
Synthesis Optimization Complete : Time (s): cpu = 00:00:05 ; elapsed = 00:00:05 . Memory (MB): peak = 578.578 ; gain = 316.480
INFO: [Project 1-571] Translating synthesized netlist
INFO: [Netlist 29-17] Analyzing 23 Unisim elements for replacement
INFO: [Netlist 29-28] Unisim Transformation completed in 0 CPU seconds
INFO: [Project 1-570] Preparing netlist for logic optimization
INFO: [Opt 31-138] Pushed 0 inverter(s) to 0 load pin(s).
Netlist sorting complete. Time (s): cpu = 00:00:00 ; elapsed = 00:00:00 . Memory (MB): peak = 675.578 ; gain = 0.000
INFO: [Project 1-111] Unisim Transformation Summary:
  A total of 15 instances were transformed.
  LD => LDCE: 15 instances

INFO: [Common 17-83] Releasing license: Synthesis
26 Infos, 14 Warnings, 32 Critical Warnings and 0 Errors encountered.
synth_design completed successfully
synth_design: Time (s): cpu = 00:00:08 ; elapsed = 00:00:09 . Memory (MB): peak = 675.578 ; gain = 426.059
Netlist sorting complete. Time (s): cpu = 00:00:00 ; elapsed = 00:00:00 . Memory (MB): peak = 675.578 ; gain = 0.000
WARNING: [Constraints 18-5210] No constraints selected for write.
Resolution: This message can indicate that there are no constraints for the design, or it can indicate that the used_in flags are set such that the constraints are ignored. This later case is used when running synth_design to not write synthesis constraints to the resulting checkpoint. Instead, project constraints are read when the synthesized design is opened.
INFO: [Common 17-1381] The checkpoint 'P:/IUP/Projekty/Laby/IUP_Laby/Stopwatch/Stopwatch.runs/synth_1/top.dcp' has been generated.
INFO: [runtcl-4] Executing : report_utilization -file top_utilization_synth.rpt -pb top_utilization_synth.pb
INFO: [Common 17-206] Exiting Vivado at Fri Mar  3 23:22:09 2023...
