
*** Running vivado
    with args -log top.vds -m64 -product Vivado -mode batch -messageDb vivado.pb -notrace -source top.tcl



****** Vivado v2022.2 (64-bit)
  **** SW Build 3671981 on Fri Oct 14 05:00:03 MDT 2022
  **** IP Build 3669848 on Fri Oct 14 08:30:02 MDT 2022
    ** Copyright 1986-2022 Xilinx, Inc. All Rights Reserved.

source top.tcl -notrace
Command: read_checkpoint -incremental P:/IUP/Projekty/Laby/IUP_Laby/VGA/VGA.srcs/utils_1/imports/synth_1/timing_clk.dcp
INFO: [Vivado 12-5825] Read reference checkpoint from P:/IUP/Projekty/Laby/IUP_Laby/VGA/VGA.srcs/utils_1/imports/synth_1/timing_clk.dcp for incremental synthesis
INFO: [Vivado 12-7989] Please ensure there are no constraint changes
Command: synth_design -top top -part xc7a100tcsg324-1
Starting synth_design
Attempting to get a license for feature 'Synthesis' and/or device 'xc7a100t'
INFO: [Common 17-349] Got license for feature 'Synthesis' and/or device 'xc7a100t'
INFO: [Device 21-403] Loading part xc7a100tcsg324-1
INFO: [Designutils 20-5440] No compile time benefit to using incremental synthesis; A full resynthesis will be run
INFO: [Designutils 20-4379] Flow is switching to default flow due to incremental criteria not met. If you would like to alter this behaviour and have the flow terminate instead, please set the following parameter config_implementation {autoIncr.Synth.RejectBehavior Terminate}
INFO: [Synth 8-7079] Multithreading enabled for synth_design using a maximum of 2 processes.
INFO: [Synth 8-7078] Launching helper process for spawning children vivado processes
INFO: [Synth 8-7075] Helper process launched with PID 10312
INFO: [Synth 8-11241] undeclared symbol 'REGCCE', assumed default net type 'wire' [C:/Xilinx/Vivado/2022.2/data/verilog/src/unimacro/BRAM_SINGLE_MACRO.v:2170]
---------------------------------------------------------------------------------
Starting RTL Elaboration : Time (s): cpu = 00:00:05 ; elapsed = 00:00:05 . Memory (MB): peak = 1230.469 ; gain = 408.617
---------------------------------------------------------------------------------
INFO: [Synth 8-638] synthesizing module 'top' [P:/IUP/Projekty/Laby/IUP_Laby/VGA/VGA.srcs/sources_1/new/top.vhd:46]
INFO: [Synth 8-3491] module 'vga_bitmap' declared at 'P:/IUP/Projekty/Laby/IUP_Laby/VGA/VGA.runs/synth_1/.Xil/Vivado-3732-DESKTOP-SM94CAU/realtime/vga_bitmap_stub.vhdl:5' bound to instance 'bitmap' of component 'vga_bitmap' [P:/IUP/Projekty/Laby/IUP_Laby/VGA/VGA.srcs/sources_1/new/top.vhd:96]
INFO: [Synth 8-638] synthesizing module 'vga_bitmap' [P:/IUP/Projekty/Laby/IUP_Laby/VGA/VGA.runs/synth_1/.Xil/Vivado-3732-DESKTOP-SM94CAU/realtime/vga_bitmap_stub.vhdl:14]
INFO: [Synth 8-3491] module 'timing_clk' declared at 'P:/IUP/Projekty/Laby/IUP_Laby/VGA/VGA.srcs/sources_1/new/timing_clk.vhd:34' bound to instance 'timings' of component 'timing_clk' [P:/IUP/Projekty/Laby/IUP_Laby/VGA/VGA.srcs/sources_1/new/top.vhd:101]
INFO: [Synth 8-638] synthesizing module 'timing_clk' [P:/IUP/Projekty/Laby/IUP_Laby/VGA/VGA.srcs/sources_1/new/timing_clk.vhd:44]
INFO: [Synth 8-256] done synthesizing module 'timing_clk' (0#1) [P:/IUP/Projekty/Laby/IUP_Laby/VGA/VGA.srcs/sources_1/new/timing_clk.vhd:44]
INFO: [Synth 8-3491] module 'vga_controller' declared at 'P:/IUP/Projekty/Laby/IUP_Laby/VGA/VGA.srcs/sources_1/new/vga_controller.vhd:35' bound to instance 'vga_contr' of component 'vga_controller' [P:/IUP/Projekty/Laby/IUP_Laby/VGA/VGA.srcs/sources_1/new/top.vhd:107]
INFO: [Synth 8-638] synthesizing module 'vga_controller' [P:/IUP/Projekty/Laby/IUP_Laby/VGA/VGA.srcs/sources_1/new/vga_controller.vhd:53]
INFO: [Synth 8-256] done synthesizing module 'vga_controller' (0#1) [P:/IUP/Projekty/Laby/IUP_Laby/VGA/VGA.srcs/sources_1/new/vga_controller.vhd:53]
INFO: [Synth 8-256] done synthesizing module 'top' (0#1) [P:/IUP/Projekty/Laby/IUP_Laby/VGA/VGA.srcs/sources_1/new/top.vhd:46]
---------------------------------------------------------------------------------
Finished RTL Elaboration : Time (s): cpu = 00:00:07 ; elapsed = 00:00:06 . Memory (MB): peak = 1326.359 ; gain = 504.508
---------------------------------------------------------------------------------
---------------------------------------------------------------------------------
Start Handling Custom Attributes
---------------------------------------------------------------------------------
---------------------------------------------------------------------------------
Finished Handling Custom Attributes : Time (s): cpu = 00:00:07 ; elapsed = 00:00:07 . Memory (MB): peak = 1326.359 ; gain = 504.508
---------------------------------------------------------------------------------
---------------------------------------------------------------------------------
Finished RTL Optimization Phase 1 : Time (s): cpu = 00:00:07 ; elapsed = 00:00:07 . Memory (MB): peak = 1326.359 ; gain = 504.508
---------------------------------------------------------------------------------
Netlist sorting complete. Time (s): cpu = 00:00:00 ; elapsed = 00:00:00.005 . Memory (MB): peak = 1326.359 ; gain = 0.000
INFO: [Project 1-570] Preparing netlist for logic optimization

Processing XDC Constraints
Initializing timing engine
Parsing XDC File [p:/IUP/Projekty/Laby/IUP_Laby/VGA/VGA.gen/sources_1/ip/vga_bitmap/vga_bitmap/vga_bitmap_in_context.xdc] for cell 'bitmap'
Finished Parsing XDC File [p:/IUP/Projekty/Laby/IUP_Laby/VGA/VGA.gen/sources_1/ip/vga_bitmap/vga_bitmap/vga_bitmap_in_context.xdc] for cell 'bitmap'
Parsing XDC File [P:/IUP/Projekty/Laby/IUP_Laby/VGA/VGA.srcs/constrs_1/new/constrains.xdc]
Finished Parsing XDC File [P:/IUP/Projekty/Laby/IUP_Laby/VGA/VGA.srcs/constrs_1/new/constrains.xdc]
Completed Processing XDC Constraints

Netlist sorting complete. Time (s): cpu = 00:00:00 ; elapsed = 00:00:00 . Memory (MB): peak = 1379.617 ; gain = 0.000
INFO: [Project 1-111] Unisim Transformation Summary:
No Unisim elements were transformed.

Constraint Validation Runtime : Time (s): cpu = 00:00:00 ; elapsed = 00:00:00.002 . Memory (MB): peak = 1379.617 ; gain = 0.000
INFO: [Designutils 20-5440] No compile time benefit to using incremental synthesis; A full resynthesis will be run
INFO: [Designutils 20-4379] Flow is switching to default flow due to incremental criteria not met. If you would like to alter this behaviour and have the flow terminate instead, please set the following parameter config_implementation {autoIncr.Synth.RejectBehavior Terminate}
INFO: [Synth 8-11241] undeclared symbol 'REGCCE', assumed default net type 'wire' [C:/Xilinx/Vivado/2022.2/data/verilog/src/unimacro/BRAM_SINGLE_MACRO.v:2170]
---------------------------------------------------------------------------------
Finished Constraint Validation : Time (s): cpu = 00:00:13 ; elapsed = 00:00:13 . Memory (MB): peak = 1379.617 ; gain = 557.766
---------------------------------------------------------------------------------
---------------------------------------------------------------------------------
Start Loading Part and Timing Information
---------------------------------------------------------------------------------
Loading part: xc7a100tcsg324-1
---------------------------------------------------------------------------------
Finished Loading Part and Timing Information : Time (s): cpu = 00:00:13 ; elapsed = 00:00:13 . Memory (MB): peak = 1379.617 ; gain = 557.766
---------------------------------------------------------------------------------
---------------------------------------------------------------------------------
Start Applying 'set_property' XDC Constraints
---------------------------------------------------------------------------------
Applied set_property KEEP_HIERARCHY = SOFT for bitmap. (constraint file  auto generated constraint).
---------------------------------------------------------------------------------
Finished applying 'set_property' XDC Constraints : Time (s): cpu = 00:00:13 ; elapsed = 00:00:13 . Memory (MB): peak = 1379.617 ; gain = 557.766
---------------------------------------------------------------------------------
WARNING: [Synth 8-327] inferring latch for variable 'pixel_clk_en_reg' [P:/IUP/Projekty/Laby/IUP_Laby/VGA/VGA.srcs/sources_1/new/timing_clk.vhd:143]
WARNING: [Synth 8-327] inferring latch for variable 'h_state_reg' [P:/IUP/Projekty/Laby/IUP_Laby/VGA/VGA.srcs/sources_1/new/timing_clk.vhd:134]
WARNING: [Synth 8-327] inferring latch for variable 'v_state_reg' [P:/IUP/Projekty/Laby/IUP_Laby/VGA/VGA.srcs/sources_1/new/timing_clk.vhd:172]
WARNING: [Synth 8-327] inferring latch for variable 'h_strobe_reg' [P:/IUP/Projekty/Laby/IUP_Laby/VGA/VGA.srcs/sources_1/new/timing_clk.vhd:176]
---------------------------------------------------------------------------------
Finished RTL Optimization Phase 2 : Time (s): cpu = 00:00:13 ; elapsed = 00:00:13 . Memory (MB): peak = 1379.617 ; gain = 557.766
---------------------------------------------------------------------------------
---------------------------------------------------------------------------------
Start RTL Component Statistics 
---------------------------------------------------------------------------------
Detailed RTL Component Info : 
+---Adders : 
	   2 Input   14 Bit       Adders := 1     
	   2 Input   13 Bit       Adders := 2     
	   3 Input   11 Bit       Adders := 2     
	   2 Input   10 Bit       Adders := 1     
	   2 Input    9 Bit       Adders := 2     
	   2 Input    7 Bit       Adders := 1     
	   2 Input    4 Bit       Adders := 1     
	   2 Input    3 Bit       Adders := 1     
+---XORs : 
	   2 Input      1 Bit         XORs := 4     
+---Registers : 
	               13 Bit    Registers := 2     
	               10 Bit    Registers := 1     
	                9 Bit    Registers := 2     
	                7 Bit    Registers := 1     
	                4 Bit    Registers := 1     
	                3 Bit    Registers := 1     
	                1 Bit    Registers := 5     
+---Muxes : 
	   2 Input   21 Bit        Muxes := 1     
	   3 Input   17 Bit        Muxes := 1     
	   2 Input   12 Bit        Muxes := 1     
	   2 Input    9 Bit        Muxes := 1     
	   3 Input    9 Bit        Muxes := 1     
	   2 Input    4 Bit        Muxes := 6     
	   5 Input    3 Bit        Muxes := 1     
	   2 Input    3 Bit        Muxes := 2     
	   7 Input    3 Bit        Muxes := 1     
	   8 Input    3 Bit        Muxes := 1     
	   4 Input    2 Bit        Muxes := 1     
	   2 Input    1 Bit        Muxes := 7     
	   4 Input    1 Bit        Muxes := 2     
	   6 Input    1 Bit        Muxes := 1     
---------------------------------------------------------------------------------
Finished RTL Component Statistics 
---------------------------------------------------------------------------------
---------------------------------------------------------------------------------
Start Part Resource Summary
---------------------------------------------------------------------------------
Part Resources:
DSPs: 240 (col length:80)
BRAMs: 270 (col length: RAMB18 80 RAMB36 40)
---------------------------------------------------------------------------------
Finished Part Resource Summary
---------------------------------------------------------------------------------
---------------------------------------------------------------------------------
Start Cross Boundary and Area Optimization
---------------------------------------------------------------------------------
WARNING: [Synth 8-7080] Parallel synthesis criteria is not met
---------------------------------------------------------------------------------
Finished Cross Boundary and Area Optimization : Time (s): cpu = 00:00:15 ; elapsed = 00:00:15 . Memory (MB): peak = 1379.617 ; gain = 557.766
---------------------------------------------------------------------------------
---------------------------------------------------------------------------------
Start Applying XDC Timing Constraints
---------------------------------------------------------------------------------
---------------------------------------------------------------------------------
Finished Applying XDC Timing Constraints : Time (s): cpu = 00:00:19 ; elapsed = 00:00:19 . Memory (MB): peak = 1379.617 ; gain = 557.766
---------------------------------------------------------------------------------
---------------------------------------------------------------------------------
Start Timing Optimization
---------------------------------------------------------------------------------
---------------------------------------------------------------------------------
Finished Timing Optimization : Time (s): cpu = 00:00:19 ; elapsed = 00:00:19 . Memory (MB): peak = 1379.617 ; gain = 557.766
---------------------------------------------------------------------------------
---------------------------------------------------------------------------------
Start Technology Mapping
---------------------------------------------------------------------------------
---------------------------------------------------------------------------------
Finished Technology Mapping : Time (s): cpu = 00:00:19 ; elapsed = 00:00:19 . Memory (MB): peak = 1379.617 ; gain = 557.766
---------------------------------------------------------------------------------
---------------------------------------------------------------------------------
Start IO Insertion
---------------------------------------------------------------------------------
---------------------------------------------------------------------------------
Start Flattening Before IO Insertion
---------------------------------------------------------------------------------
---------------------------------------------------------------------------------
Finished Flattening Before IO Insertion
---------------------------------------------------------------------------------
---------------------------------------------------------------------------------
Start Final Netlist Cleanup
---------------------------------------------------------------------------------
---------------------------------------------------------------------------------
Finished Final Netlist Cleanup
---------------------------------------------------------------------------------
---------------------------------------------------------------------------------
Finished IO Insertion : Time (s): cpu = 00:00:23 ; elapsed = 00:00:23 . Memory (MB): peak = 1379.617 ; gain = 557.766
---------------------------------------------------------------------------------
---------------------------------------------------------------------------------
Start Renaming Generated Instances
---------------------------------------------------------------------------------
---------------------------------------------------------------------------------
Finished Renaming Generated Instances : Time (s): cpu = 00:00:23 ; elapsed = 00:00:23 . Memory (MB): peak = 1379.617 ; gain = 557.766
---------------------------------------------------------------------------------
---------------------------------------------------------------------------------
Start Rebuilding User Hierarchy
---------------------------------------------------------------------------------
---------------------------------------------------------------------------------
Finished Rebuilding User Hierarchy : Time (s): cpu = 00:00:23 ; elapsed = 00:00:23 . Memory (MB): peak = 1379.617 ; gain = 557.766
---------------------------------------------------------------------------------
---------------------------------------------------------------------------------
Start Renaming Generated Ports
---------------------------------------------------------------------------------
---------------------------------------------------------------------------------
Finished Renaming Generated Ports : Time (s): cpu = 00:00:23 ; elapsed = 00:00:23 . Memory (MB): peak = 1379.617 ; gain = 557.766
---------------------------------------------------------------------------------
---------------------------------------------------------------------------------
Start Handling Custom Attributes
---------------------------------------------------------------------------------
---------------------------------------------------------------------------------
Finished Handling Custom Attributes : Time (s): cpu = 00:00:23 ; elapsed = 00:00:23 . Memory (MB): peak = 1379.617 ; gain = 557.766
---------------------------------------------------------------------------------
---------------------------------------------------------------------------------
Start Renaming Generated Nets
---------------------------------------------------------------------------------
---------------------------------------------------------------------------------
Finished Renaming Generated Nets : Time (s): cpu = 00:00:23 ; elapsed = 00:00:23 . Memory (MB): peak = 1379.617 ; gain = 557.766
---------------------------------------------------------------------------------
---------------------------------------------------------------------------------
Start Writing Synthesis Report
---------------------------------------------------------------------------------

Report BlackBoxes: 
+------+--------------+----------+
|      |BlackBox name |Instances |
+------+--------------+----------+
|1     |vga_bitmap    |         1|
+------+--------------+----------+

Report Cell Usage: 
+------+----------------+------+
|      |Cell            |Count |
+------+----------------+------+
|1     |vga_bitmap_bbox |     1|
|2     |BUFG            |     1|
|3     |CARRY4          |    34|
|4     |LUT1            |    22|
|5     |LUT2            |    52|
|6     |LUT3            |    18|
|7     |LUT4            |    31|
|8     |LUT5            |    13|
|9     |LUT6            |    16|
|10    |FDCE            |    41|
|11    |FDRE            |    46|
|12    |LD              |     7|
|13    |IBUF            |     9|
|14    |OBUF            |    14|
+------+----------------+------+
---------------------------------------------------------------------------------
Finished Writing Synthesis Report : Time (s): cpu = 00:00:23 ; elapsed = 00:00:23 . Memory (MB): peak = 1379.617 ; gain = 557.766
---------------------------------------------------------------------------------
Synthesis finished with 0 errors, 0 critical warnings and 5 warnings.
Synthesis Optimization Runtime : Time (s): cpu = 00:00:15 ; elapsed = 00:00:22 . Memory (MB): peak = 1379.617 ; gain = 504.508
Synthesis Optimization Complete : Time (s): cpu = 00:00:23 ; elapsed = 00:00:23 . Memory (MB): peak = 1379.617 ; gain = 557.766
INFO: [Project 1-571] Translating synthesized netlist
Netlist sorting complete. Time (s): cpu = 00:00:00 ; elapsed = 00:00:00.003 . Memory (MB): peak = 1379.617 ; gain = 0.000
INFO: [Netlist 29-17] Analyzing 41 Unisim elements for replacement
INFO: [Netlist 29-28] Unisim Transformation completed in 0 CPU seconds
INFO: [Project 1-570] Preparing netlist for logic optimization
INFO: [Opt 31-138] Pushed 0 inverter(s) to 0 load pin(s).
Netlist sorting complete. Time (s): cpu = 00:00:00 ; elapsed = 00:00:00 . Memory (MB): peak = 1379.617 ; gain = 0.000
INFO: [Project 1-111] Unisim Transformation Summary:
  A total of 7 instances were transformed.
  LD => LDCE: 7 instances

Synth Design complete, checksum: 78d4713
INFO: [Common 17-83] Releasing license: Synthesis
32 Infos, 5 Warnings, 0 Critical Warnings and 0 Errors encountered.
synth_design completed successfully
synth_design: Time (s): cpu = 00:00:26 ; elapsed = 00:00:27 . Memory (MB): peak = 1379.617 ; gain = 952.988
INFO: [Common 17-1381] The checkpoint 'P:/IUP/Projekty/Laby/IUP_Laby/VGA/VGA.runs/synth_1/top.dcp' has been generated.
INFO: [runtcl-4] Executing : report_utilization -file top_utilization_synth.rpt -pb top_utilization_synth.pb
INFO: [Common 17-206] Exiting Vivado at Fri Mar 17 21:07:59 2023...
